[13:38:15] START repro run over 20 calculation dirs
[13:38:15] a4-anomaly-matching: running calc.py ...
[13:38:16] a4-anomaly-matching: identical (max_rel=0.00e+00, diffs=0, 1s)
[13:38:16] a4-graviton-index: running calc.py ...
[13:38:17] a4-graviton-index: identical (max_rel=0.00e+00, diffs=0, 1s)
[13:38:17] bmv-as-phase: running calc.py ...
[13:38:18] bmv-as-phase: identical (max_rel=0.00e+00, diffs=0, 1s)
[13:38:18] ds-classification: running calc.py ...
[13:38:19] ds-classification: identical (max_rel=0.00e+00, diffs=0, 1s)
[13:38:19] lambda-induced: running calc.py ...
[13:38:20] lambda-induced: identical (max_rel=0.00e+00, diffs=0, 1s)
[13:38:20] lambda-prefactors: running calc.py ...
[13:38:20] lambda-prefactors: identical (max_rel=0.00e+00, diffs=0, 1s)
[13:38:20] modular-flow-bd-4d: running calc.py ...
[13:39:40] modular-flow-bd-4d: structural-diff (max_rel=9.45e-02, diffs=19, 80s)
[13:39:40] modular-flow-corner: running calc.py ...
[13:44:21] modular-flow-corner: DEVIATES (max_rel=1.15e-01, diffs=1, 280s)
[13:44:21] sj-desitter-type: running calc.py ...
[13:51:35] sj-desitter-type: reproduced-tolerance (max_rel=7.61e-03, diffs=1, 434s)
[13:51:35] sj-eigenvector-superradiance: running calc.py ...
[13:53:46] sj-eigenvector-superradiance: identical (max_rel=0.00e+00, diffs=0, 131s)
[13:53:46] sj-far-zone: running calc.py ...
[13:55:21] sj-far-zone: VERDICT-FLIP (max_rel=1.00e+00, diffs=79, 94s)
[13:55:21] sj-kerr-equatorial: running calc.py ...
[14:01:10] sj-kerr-equatorial: identical (max_rel=0.00e+00, diffs=0, 349s)
[14:01:10] sj-rotating-btz: running calc.py ...
[14:02:02] sj-rotating-btz: identical (max_rel=0.00e+00, diffs=0, 51s)
[14:02:02] sj-threshold-scan: running calc.py ...
[14:05:26] sj-threshold-scan: RUN-ERROR rc=1 (204s)
[14:05:26] sj-vn-type: running calc.py ...
[14:06:34] sj-vn-type: structural-diff (max_rel=0.00e+00, diffs=14, 68s)
[14:06:34] ssee-4d: running calc.py ...
[14:32:43] ssee-4d: structural-diff (max_rel=3.28e-02, diffs=6, 1568s)
[14:32:43] ssee-bd-4d: running calc.py ...
[14:39:48] ssee-bd-4d: DEVIATES (max_rel=7.21e-02, diffs=1, 425s)
[14:39:48] ssee-diamond: running calc.py ...
[14:40:37] ssee-diamond: identical (max_rel=0.00e+00, diffs=0, 49s)
[14:40:37] ssee-slab-4d: running calc.py ...
[14:45:13] ssee-slab-4d: reproduced-tolerance (max_rel=3.79e-02, diffs=1, 275s)
[14:45:13] vn-type-slab-4d: running calc.py ...
[14:47:54] vn-type-slab-4d: reproduced-tolerance (max_rel=2.06e-02, diffs=1, 161s)
[14:47:54] DONE. Summary: {"identical": 10, "structural-diff": 3, "DEVIATES": 2, "reproduced-tolerance": 3, "VERDICT-FLIP": 1, "run-error": 1}
